<?xml version="1.0" encoding="UTF-8"?>
<testsuite name="com.shopping.controller.CartControllerTest" tests="9" skipped="0" failures="0" errors="0" timestamp="2025-07-09T14:11:33" hostname="LAPTOP-B00H3K59" time="0.958">
  <properties/>
  <testcase name="getCartProducts should return list of products()" classname="com.shopping.controller.CartControllerTest" time="0.313"/>
  <testcase name="deleteProductFromCart should remove product and return updated cart()" classname="com.shopping.controller.CartControllerTest" time="0.393"/>
  <testcase name="getCartById should return cart when found()" classname="com.shopping.controller.CartControllerTest" time="0.009"/>
  <testcase name="createCart should return 400 for invalid request()" classname="com.shopping.controller.CartControllerTest" time="0.159"/>
  <testcase name="getAllCarts should return list of carts()" classname="com.shopping.controller.CartControllerTest" time="0.008"/>
  <testcase name="createCart should return created cart with 201 status()" classname="com.shopping.controller.CartControllerTest" time="0.019"/>
  <testcase name="addProductToCart should add product and return updated cart()" classname="com.shopping.controller.CartControllerTest" time="0.018"/>
  <testcase name="addProductToCart should return 400 for invalid product()" classname="com.shopping.controller.CartControllerTest" time="0.009"/>
  <testcase name="should handle malformed JSON gracefully()" classname="com.shopping.controller.CartControllerTest" time="0.009"/>
  <system-out><![CDATA[16:11:30.196 [Test worker] INFO org.springframework.test.context.support.AnnotationConfigContextLoaderUtils -- Could not detect default configuration classes for test class [com.shopping.controller.CartControllerTest]: CartControllerTest does not declare any static, non-private, non-final, nested classes annotated with @Configuration.
16:11:30.348 [Test worker] INFO org.springframework.boot.test.context.SpringBootTestContextBootstrapper -- Found @SpringBootConfiguration com.shopping.ShoppingApplication for test class com.shopping.controller.CartControllerTest

  .   ____          _            __ _ _
 /\\ / ___'_ __ _ _(_)_ __  __ _ \ \ \ \
( ( )\___ | '_ | '_| | '_ \/ _` | \ \ \ \
 \\/  ___)| |_)| | | | | || (_| |  ) ) ) )
  '  |____| .__|_| |_|_| |_\__, | / / / /
 =========|_|==============|___/=/_/_/_/
 :: Spring Boot ::                (v3.2.0)

2025-07-09T16:11:30.807+02:00 DEBUG 10064 --- [shopping-cart-api] [kground-preinit] o.h.v.i.xml.config.ValidationXmlParser   : Trying to load META-INF/validation.xml for XML based Validator configuration.
2025-07-09T16:11:30.811+02:00 DEBUG 10064 --- [shopping-cart-api] [kground-preinit] o.h.v.i.xml.config.ResourceLoaderHelper  : Trying to load META-INF/validation.xml via TCCL
2025-07-09T16:11:30.811+02:00 DEBUG 10064 --- [shopping-cart-api] [kground-preinit] o.h.v.i.xml.config.ResourceLoaderHelper  : Trying to load META-INF/validation.xml via Hibernate Validator's class loader
2025-07-09T16:11:30.812+02:00 DEBUG 10064 --- [shopping-cart-api] [kground-preinit] o.h.v.i.xml.config.ValidationXmlParser   : No META-INF/validation.xml found. Using annotation based configuration only.
2025-07-09T16:11:30.818+02:00 DEBUG 10064 --- [shopping-cart-api] [kground-preinit] o.h.v.i.e.resolver.TraversableResolvers  : Found jakarta.persistence.Persistence on classpath containing 'getPersistenceUtil'. Assuming JPA 2 environment. Trying to instantiate JPA aware TraversableResolver
2025-07-09T16:11:30.819+02:00 DEBUG 10064 --- [shopping-cart-api] [kground-preinit] o.h.v.i.e.resolver.TraversableResolvers  : Instantiated JPA aware TraversableResolver of type org.hibernate.validator.internal.engine.resolver.JPATraversableResolver.
2025-07-09T16:11:30.846+02:00  INFO 10064 --- [shopping-cart-api] [    Test worker] c.s.controller.CartControllerTest        : Starting CartControllerTest using Java 21.0.5 with PID 10064 (started by sheyk in C:\katlin\shopping)
2025-07-09T16:11:30.848+02:00  INFO 10064 --- [shopping-cart-api] [    Test worker] c.s.controller.CartControllerTest        : No active profile set, falling back to 1 default profile: "default"
2025-07-09T16:11:30.850+02:00 DEBUG 10064 --- [shopping-cart-api] [kground-preinit] .h.v.m.ResourceBundleMessageInterpolator : Loaded expression factory via original TCCL
2025-07-09T16:11:30.871+02:00 DEBUG 10064 --- [shopping-cart-api] [    Test worker] o.s.w.c.s.GenericWebApplicationContext   : Refreshing org.springframework.web.context.support.GenericWebApplicationContext@34e20e6b
2025-07-09T16:11:30.996+02:00 DEBUG 10064 --- [shopping-cart-api] [kground-preinit] .i.e.ValidatorFactoryConfigurationHelper : HV000252: Using org.hibernate.validator.internal.engine.DefaultPropertyNodeNameProvider as property node name provider.
2025-07-09T16:11:31.004+02:00 DEBUG 10064 --- [shopping-cart-api] [kground-preinit] .i.e.ValidatorFactoryConfigurationHelper : HV000234: Using org.hibernate.validator.messageinterpolation.ResourceBundleMessageInterpolator as ValidatorFactory-scoped message interpolator.
2025-07-09T16:11:31.006+02:00 DEBUG 10064 --- [shopping-cart-api] [kground-preinit] .i.e.ValidatorFactoryConfigurationHelper : HV000234: Using org.hibernate.validator.internal.engine.resolver.JPATraversableResolver as ValidatorFactory-scoped traversable resolver.
2025-07-09T16:11:31.006+02:00 DEBUG 10064 --- [shopping-cart-api] [kground-preinit] .i.e.ValidatorFactoryConfigurationHelper : HV000234: Using org.hibernate.validator.internal.util.ExecutableParameterNameProvider as ValidatorFactory-scoped parameter name provider.
2025-07-09T16:11:31.006+02:00 DEBUG 10064 --- [shopping-cart-api] [kground-preinit] .i.e.ValidatorFactoryConfigurationHelper : HV000234: Using org.hibernate.validator.internal.engine.DefaultClockProvider as ValidatorFactory-scoped clock provider.
2025-07-09T16:11:31.006+02:00 DEBUG 10064 --- [shopping-cart-api] [kground-preinit] .i.e.ValidatorFactoryConfigurationHelper : HV000234: Using org.hibernate.validator.internal.engine.scripting.DefaultScriptEvaluatorFactory as ValidatorFactory-scoped script evaluator factory.
2025-07-09T16:11:32.559+02:00 DEBUG 10064 --- [shopping-cart-api] [    Test worker] .h.v.m.ResourceBundleMessageInterpolator : Loaded expression factory via original TCCL
2025-07-09T16:11:32.568+02:00 DEBUG 10064 --- [shopping-cart-api] [    Test worker] o.h.v.i.e.AbstractConfigurationImpl      : Setting custom MessageInterpolator of type org.springframework.validation.beanvalidation.LocaleContextMessageInterpolator
2025-07-09T16:11:32.570+02:00 DEBUG 10064 --- [shopping-cart-api] [    Test worker] o.h.v.i.e.AbstractConfigurationImpl      : Setting custom ConstraintValidatorFactory of type org.springframework.validation.beanvalidation.SpringConstraintValidatorFactory
2025-07-09T16:11:32.574+02:00 DEBUG 10064 --- [shopping-cart-api] [    Test worker] o.h.v.i.xml.config.ValidationXmlParser   : Trying to load META-INF/validation.xml for XML based Validator configuration.
2025-07-09T16:11:32.574+02:00 DEBUG 10064 --- [shopping-cart-api] [    Test worker] o.h.v.i.xml.config.ResourceLoaderHelper  : Trying to load META-INF/validation.xml via user class loader
2025-07-09T16:11:32.574+02:00 DEBUG 10064 --- [shopping-cart-api] [    Test worker] o.h.v.i.xml.config.ResourceLoaderHelper  : Trying to load META-INF/validation.xml via TCCL
2025-07-09T16:11:32.575+02:00 DEBUG 10064 --- [shopping-cart-api] [    Test worker] o.h.v.i.xml.config.ResourceLoaderHelper  : Trying to load META-INF/validation.xml via Hibernate Validator's class loader
2025-07-09T16:11:32.575+02:00 DEBUG 10064 --- [shopping-cart-api] [    Test worker] o.h.v.i.xml.config.ValidationXmlParser   : No META-INF/validation.xml found. Using annotation based configuration only.
2025-07-09T16:11:32.575+02:00 DEBUG 10064 --- [shopping-cart-api] [    Test worker] o.h.v.i.e.resolver.TraversableResolvers  : Found jakarta.persistence.Persistence on classpath containing 'getPersistenceUtil'. Assuming JPA 2 environment. Trying to instantiate JPA aware TraversableResolver
2025-07-09T16:11:32.576+02:00 DEBUG 10064 --- [shopping-cart-api] [    Test worker] o.h.v.i.e.resolver.TraversableResolvers  : Instantiated JPA aware TraversableResolver of type org.hibernate.validator.internal.engine.resolver.JPATraversableResolver.
2025-07-09T16:11:32.580+02:00 DEBUG 10064 --- [shopping-cart-api] [    Test worker] .i.e.ValidatorFactoryConfigurationHelper : HV000252: Using org.hibernate.validator.internal.engine.DefaultPropertyNodeNameProvider as property node name provider.
2025-07-09T16:11:32.581+02:00 DEBUG 10064 --- [shopping-cart-api] [    Test worker] .i.e.ValidatorFactoryConfigurationHelper : HV000234: Using org.springframework.validation.beanvalidation.LocaleContextMessageInterpolator as ValidatorFactory-scoped message interpolator.
2025-07-09T16:11:32.581+02:00 DEBUG 10064 --- [shopping-cart-api] [    Test worker] .i.e.ValidatorFactoryConfigurationHelper : HV000234: Using org.hibernate.validator.internal.engine.resolver.JPATraversableResolver as ValidatorFactory-scoped traversable resolver.
2025-07-09T16:11:32.582+02:00 DEBUG 10064 --- [shopping-cart-api] [    Test worker] .i.e.ValidatorFactoryConfigurationHelper : HV000234: Using org.hibernate.validator.internal.util.ExecutableParameterNameProvider as ValidatorFactory-scoped parameter name provider.
2025-07-09T16:11:32.582+02:00 DEBUG 10064 --- [shopping-cart-api] [    Test worker] .i.e.ValidatorFactoryConfigurationHelper : HV000234: Using org.hibernate.validator.internal.engine.DefaultClockProvider as ValidatorFactory-scoped clock provider.
2025-07-09T16:11:32.582+02:00 DEBUG 10064 --- [shopping-cart-api] [    Test worker] .i.e.ValidatorFactoryConfigurationHelper : HV000234: Using org.hibernate.validator.internal.engine.scripting.DefaultScriptEvaluatorFactory as ValidatorFactory-scoped script evaluator factory.
2025-07-09T16:11:32.849+02:00 DEBUG 10064 --- [shopping-cart-api] [    Test worker] s.w.s.m.m.a.RequestMappingHandlerMapping : 8 mappings in 'requestMappingHandlerMapping'
2025-07-09T16:11:32.984+02:00 DEBUG 10064 --- [shopping-cart-api] [    Test worker] o.s.w.s.handler.SimpleUrlHandlerMapping  : Patterns [/webjars/**, /**] in 'resourceHandlerMapping'
2025-07-09T16:11:33.040+02:00 DEBUG 10064 --- [shopping-cart-api] [    Test worker] s.w.s.m.m.a.RequestMappingHandlerAdapter : ControllerAdvice beans: 0 @ModelAttribute, 0 @InitBinder, 1 RequestBodyAdvice, 1 ResponseBodyAdvice
2025-07-09T16:11:33.084+02:00 DEBUG 10064 --- [shopping-cart-api] [    Test worker] .m.m.a.ExceptionHandlerExceptionResolver : ControllerAdvice beans: 0 @ExceptionHandler, 1 ResponseBodyAdvice
2025-07-09T16:11:33.139+02:00  INFO 10064 --- [shopping-cart-api] [    Test worker] o.s.b.t.m.w.SpringBootMockServletContext : Initializing Spring TestDispatcherServlet ''
2025-07-09T16:11:33.139+02:00  INFO 10064 --- [shopping-cart-api] [    Test worker] o.s.t.web.servlet.TestDispatcherServlet  : Initializing Servlet ''
2025-07-09T16:11:33.142+02:00  INFO 10064 --- [shopping-cart-api] [    Test worker] o.s.t.web.servlet.TestDispatcherServlet  : Completed initialization in 2 ms
2025-07-09T16:11:33.175+02:00  INFO 10064 --- [shopping-cart-api] [    Test worker] c.s.controller.CartControllerTest        : Started CartControllerTest in 2.725 seconds (process running for 4.339)
2025-07-09T16:11:33.267+02:00 DEBUG 10064 --- [shopping-cart-api] [    Test worker] s.w.s.m.m.a.RequestMappingHandlerMapping : Mapped to com.shopping.controller.CartController#getCartProducts(UUID)
2025-07-09T16:11:33.360+02:00 DEBUG 10064 --- [shopping-cart-api] [    Test worker] o.s.w.s.m.m.a.HttpEntityMethodProcessor  : Using 'application/json', given [*/*] and supported [application/json, application/*+json]
2025-07-09T16:11:33.365+02:00 DEBUG 10064 --- [shopping-cart-api] [    Test worker] o.s.w.s.m.m.a.HttpEntityMethodProcessor  : Writing [[ProductResponse(id=54a9d1d6-17fc-486a-98ff-cb9d841e904b, productId=PROD-001, description=Test Produ (truncated)...]
2025-07-09T16:11:33.516+02:00 DEBUG 10064 --- [shopping-cart-api] [    Test worker] s.w.s.m.m.a.RequestMappingHandlerMapping : Mapped to com.shopping.controller.CartController#deleteProductFromCart(UUID, String)
2025-07-09T16:11:33.551+02:00 DEBUG 10064 --- [shopping-cart-api] [    Test worker] o.s.w.s.m.m.a.HttpEntityMethodProcessor  : Using 'application/json', given [*/*] and supported [application/json, application/*+json]
2025-07-09T16:11:33.555+02:00 DEBUG 10064 --- [shopping-cart-api] [    Test worker] o.s.w.s.m.m.a.HttpEntityMethodProcessor  : Writing [CartResponse(id=3140ba28-7fe1-4765-b540-48a91bd0f800, countryCode=US, currency=USD, products=[], cre (truncated)...]
2025-07-09T16:11:33.909+02:00 DEBUG 10064 --- [shopping-cart-api] [    Test worker] s.w.s.m.m.a.RequestMappingHandlerMapping : Mapped to com.shopping.controller.CartController#getCartById(UUID)
2025-07-09T16:11:33.911+02:00 DEBUG 10064 --- [shopping-cart-api] [    Test worker] o.s.w.s.m.m.a.HttpEntityMethodProcessor  : Using 'application/json', given [*/*] and supported [application/json, application/*+json]
2025-07-09T16:11:33.911+02:00 DEBUG 10064 --- [shopping-cart-api] [    Test worker] o.s.w.s.m.m.a.HttpEntityMethodProcessor  : Writing [CartResponse(id=cca528af-f46e-46ff-aa14-1a3501f83c77, countryCode=US, currency=USD, products=[Produc (truncated)...]
2025-07-09T16:11:33.927+02:00 DEBUG 10064 --- [shopping-cart-api] [    Test worker] s.w.s.m.m.a.RequestMappingHandlerMapping : Mapped to com.shopping.controller.CartController#createCart(CartRequest)
2025-07-09T16:11:33.996+02:00 DEBUG 10064 --- [shopping-cart-api] [    Test worker] m.m.a.RequestResponseBodyMethodProcessor : Read "application/json;charset=UTF-8" to [CartRequest(countryCode=, currency=USD, products=[])]
2025-07-09T16:11:34.073+02:00  WARN 10064 --- [shopping-cart-api] [    Test worker] .w.s.m.s.DefaultHandlerExceptionResolver : Resolved [org.springframework.web.bind.MethodArgumentNotValidException: Validation failed for argument [0] in public org.springframework.http.ResponseEntity<com.shopping.dto.CartResponse> com.shopping.controller.CartController.createCart(com.shopping.dto.CartRequest): [Field error in object 'cartRequest' on field 'countryCode': rejected value []; codes [NotBlank.cartRequest.countryCode,NotBlank.countryCode,NotBlank.java.lang.String,NotBlank]; arguments [org.springframework.context.support.DefaultMessageSourceResolvable: codes [cartRequest.countryCode,countryCode]; arguments []; default message [countryCode]]; default message [Country code is required]] ]
2025-07-09T16:11:34.079+02:00 DEBUG 10064 --- [shopping-cart-api] [    Test worker] s.w.s.m.m.a.RequestMappingHandlerMapping : Mapped to com.shopping.controller.CartController#getAllCarts()
2025-07-09T16:11:34.080+02:00 DEBUG 10064 --- [shopping-cart-api] [    Test worker] o.s.w.s.m.m.a.HttpEntityMethodProcessor  : Using 'application/json', given [*/*] and supported [application/json, application/*+json]
2025-07-09T16:11:34.080+02:00 DEBUG 10064 --- [shopping-cart-api] [    Test worker] o.s.w.s.m.m.a.HttpEntityMethodProcessor  : Writing [[CartResponse(id=9807da15-6e6e-47b1-bbb1-6146a24b060a, countryCode=US, currency=USD, products=[Produ (truncated)...]
2025-07-09T16:11:34.095+02:00 DEBUG 10064 --- [shopping-cart-api] [    Test worker] s.w.s.m.m.a.RequestMappingHandlerMapping : Mapped to com.shopping.controller.CartController#createCart(CartRequest)
2025-07-09T16:11:34.096+02:00 DEBUG 10064 --- [shopping-cart-api] [    Test worker] m.m.a.RequestResponseBodyMethodProcessor : Read "application/json;charset=UTF-8" to [CartRequest(countryCode=US, currency=USD, products=[ProductRequest(productId=PROD-001, description=T (truncated)...]
2025-07-09T16:11:34.103+02:00 DEBUG 10064 --- [shopping-cart-api] [    Test worker] o.s.w.s.m.m.a.HttpEntityMethodProcessor  : Using 'application/json', given [*/*] and supported [application/json, application/*+json]
2025-07-09T16:11:34.104+02:00 DEBUG 10064 --- [shopping-cart-api] [    Test worker] o.s.w.s.m.m.a.HttpEntityMethodProcessor  : Writing [CartResponse(id=2340de7e-79f1-40e2-a08d-d072d90d626a, countryCode=US, currency=USD, products=[Produc (truncated)...]
2025-07-09T16:11:34.115+02:00 DEBUG 10064 --- [shopping-cart-api] [    Test worker] s.w.s.m.m.a.RequestMappingHandlerMapping : Mapped to com.shopping.controller.CartController#addProductToCart(UUID, ProductRequest)
2025-07-09T16:11:34.117+02:00 DEBUG 10064 --- [shopping-cart-api] [    Test worker] m.m.a.RequestResponseBodyMethodProcessor : Read "application/json;charset=UTF-8" to [ProductRequest(productId=PROD-001, description=Test Product, category=ELECTRONICS, price=99.99)]
2025-07-09T16:11:34.124+02:00 DEBUG 10064 --- [shopping-cart-api] [    Test worker] o.s.w.s.m.m.a.HttpEntityMethodProcessor  : Using 'application/json', given [*/*] and supported [application/json, application/*+json]
2025-07-09T16:11:34.124+02:00 DEBUG 10064 --- [shopping-cart-api] [    Test worker] o.s.w.s.m.m.a.HttpEntityMethodProcessor  : Writing [CartResponse(id=0a7acbb7-57e4-4e09-82a4-263aaa153714, countryCode=US, currency=USD, products=[Produc (truncated)...]
2025-07-09T16:11:34.132+02:00 DEBUG 10064 --- [shopping-cart-api] [    Test worker] s.w.s.m.m.a.RequestMappingHandlerMapping : Mapped to com.shopping.controller.CartController#addProductToCart(UUID, ProductRequest)
2025-07-09T16:11:34.133+02:00 DEBUG 10064 --- [shopping-cart-api] [    Test worker] m.m.a.RequestResponseBodyMethodProcessor : Read "application/json;charset=UTF-8" to [ProductRequest(productId=, description=Test Product, category=ELECTRONICS, price=99.99)]
2025-07-09T16:11:34.135+02:00  WARN 10064 --- [shopping-cart-api] [    Test worker] .w.s.m.s.DefaultHandlerExceptionResolver : Resolved [org.springframework.web.bind.MethodArgumentNotValidException: Validation failed for argument [1] in public org.springframework.http.ResponseEntity<com.shopping.dto.CartResponse> com.shopping.controller.CartController.addProductToCart(java.util.UUID,com.shopping.dto.ProductRequest): [Field error in object 'productRequest' on field 'productId': rejected value []; codes [NotBlank.productRequest.productId,NotBlank.productId,NotBlank.java.lang.String,NotBlank]; arguments [org.springframework.context.support.DefaultMessageSourceResolvable: codes [productRequest.productId,productId]; arguments []; default message [productId]]; default message [Product ID is required]] ]
2025-07-09T16:11:34.142+02:00 DEBUG 10064 --- [shopping-cart-api] [    Test worker] s.w.s.m.m.a.RequestMappingHandlerMapping : Mapped to com.shopping.controller.CartController#createCart(CartRequest)
2025-07-09T16:11:34.146+02:00 DEBUG 10064 --- [shopping-cart-api] [    Test worker] o.s.web.method.HandlerMethod             : Could not resolve parameter [0] in public org.springframework.http.ResponseEntity<com.shopping.dto.CartResponse> com.shopping.controller.CartController.createCart(com.shopping.dto.CartRequest): JSON parse error: Unexpected character ('i' (code 105)): was expecting double-quote to start field name
2025-07-09T16:11:34.146+02:00  WARN 10064 --- [shopping-cart-api] [    Test worker] .w.s.m.s.DefaultHandlerExceptionResolver : Resolved [org.springframework.http.converter.HttpMessageNotReadableException: JSON parse error: Unexpected character ('i' (code 105)): was expecting double-quote to start field name]
]]></system-out>
  <system-err><![CDATA[WARNING: A Java agent has been loaded dynamically (C:\Users\sheyk\.gradle\caches\modules-2\files-2.1\net.bytebuddy\byte-buddy-agent\1.14.10\90ed94ac044ea8953b224304c762316e91fd6b31\byte-buddy-agent-1.14.10.jar)
WARNING: If a serviceability tool is in use, please run with -XX:+EnableDynamicAgentLoading to hide this warning
WARNING: If a serviceability tool is not in use, please run with -Djdk.instrument.traceUsage for more information
WARNING: Dynamic loading of agents will be disallowed by default in a future release
]]></system-err>
</testsuite>
